<?xml version="1.0" encoding="UTF-8"?>
<!-- Generated by org.testng.reporters.JUnitReportReporter -->
<testsuite skipped="0" hostname="Mahmudurs-MacBook-Pro.local" name="testNavigate.TestDoExplore" tests="1" failures="0" timestamp="19 May 2018 17:00:34 GMT" time="27.751" errors="0">
  <testcase name="testPlayArround" time="27.751" classname="testNavigate.TestDoExplore"/>
</testsuite> <!-- testNavigate.TestDoExplore -->
