<?xml version="1.0" encoding="UTF-8"?>
<!-- Generated by org.testng.reporters.JUnitReportReporter -->
<testsuite skipped="0" hostname="Mahmudurs-MacBook-Pro.local" name="rest.SingleEmployeeResources" tests="1" failures="0" timestamp="19 May 2018 17:00:04 GMT" time="4.254" errors="0">
  <testcase name="callSingleEmployeeResources" time="4.254" classname="rest.SingleEmployeeResources"/>
</testsuite> <!-- rest.SingleEmployeeResources -->
